2025-03-29 18:05:03,268 - ml - INFO - Starting model training process
2025-03-29 18:05:03,268 - ml - INFO - Loading data from /home/yurimarca/Code/fastapi_model_deployment/data/census.csv
2025-03-29 18:05:03,299 - ml - INFO - Loaded 32561 rows of data
2025-03-29 18:05:03,299 - ml - INFO - Columns in dataset: age, workclass, fnlgt, education, education-num, marital-status, occupation, relationship, race, sex, capital-gain, capital-loss, hours-per-week, native-country, salary
2025-03-29 18:05:03,299 - ml - INFO - Splitting data with random seed 42
2025-03-29 18:05:03,302 - ml - INFO - Training set size: 26048, Test set size: 6513
2025-03-29 18:05:03,302 - ml - INFO - Processing training data
2025-03-29 18:05:03,374 - ml - INFO - Processed training data shape: (26048, 108)
2025-03-29 18:05:03,375 - ml - INFO - Processing test data
2025-03-29 18:05:03,387 - ml - INFO - Processed test data shape: (6513, 108)
2025-03-29 18:05:03,387 - ml - INFO - *** Starting training process for random_forest ***
2025-03-29 18:05:03,387 - ml - INFO - Training random_forest model with random seed 42
2025-03-29 18:05:05,214 - ml - INFO - Successfully trained random_forest model
2025-03-29 18:05:05,215 - ml - INFO - Running model inference
2025-03-29 18:05:05,297 - ml - INFO - Generated 6513 predictions
2025-03-29 18:05:05,302 - ml - INFO - Model metrics - Precision: 0.7419, Recall: 0.6384, F-beta: 0.6863
2025-03-29 18:05:05,378 - ml - INFO - Model saved to /home/yurimarca/Code/fastapi_model_deployment/artifacts/random_forest.joblib
2025-03-29 18:05:05,378 - ml - INFO - Computing slice metrics for random_forest model
2025-03-29 18:05:05,383 - ml - INFO - Running model inference
2025-03-29 18:05:05,405 - ml - INFO - Generated 1485 predictions
2025-03-29 18:05:05,408 - ml - INFO - Model metrics - Precision: 0.6857, Recall: 0.5199, F-beta: 0.5914
2025-03-29 18:05:05,413 - ml - INFO - Running model inference
2025-03-29 18:05:05,443 - ml - INFO - Generated 2085 predictions
2025-03-29 18:05:05,447 - ml - INFO - Model metrics - Precision: 0.6594, Recall: 0.4377, F-beta: 0.5261
2025-03-29 18:05:05,451 - ml - INFO - Running model inference
2025-03-29 18:05:05,468 - ml - INFO - Generated 1053 predictions
2025-03-29 18:05:05,471 - ml - INFO - Model metrics - Precision: 0.7523, Recall: 0.7289, F-beta: 0.7404
2025-03-29 18:05:05,474 - ml - INFO - Running model inference
2025-03-29 18:05:05,482 - ml - INFO - Generated 369 predictions
2025-03-29 18:05:05,484 - ml - INFO - Model metrics - Precision: 0.8271, Recall: 0.8551, F-beta: 0.8409
2025-03-29 18:05:05,487 - ml - INFO - Running model inference
2025-03-29 18:05:05,493 - ml - INFO - Generated 198 predictions
2025-03-29 18:05:05,496 - ml - INFO - Model metrics - Precision: 0.7000, Recall: 0.5957, F-beta: 0.6437
2025-03-29 18:05:05,498 - ml - INFO - Running model inference
2025-03-29 18:05:05,503 - ml - INFO - Generated 141 predictions
2025-03-29 18:05:05,506 - ml - INFO - Model metrics - Precision: 0.0000, Recall: 0.0000, F-beta: 1.0000
2025-03-29 18:05:05,508 - ml - INFO - Running model inference
2025-03-29 18:05:05,514 - ml - INFO - Generated 225 predictions
2025-03-29 18:05:05,517 - ml - INFO - Model metrics - Precision: 1.0000, Recall: 0.2727, F-beta: 0.4286
2025-03-29 18:05:05,519 - ml - INFO - Running model inference
2025-03-29 18:05:05,526 - ml - INFO - Generated 273 predictions
2025-03-29 18:05:05,529 - ml - INFO - Model metrics - Precision: 0.6471, Recall: 0.5238, F-beta: 0.5789
2025-03-29 18:05:05,532 - ml - INFO - Running model inference
2025-03-29 18:05:05,536 - ml - INFO - Generated 116 predictions
2025-03-29 18:05:05,538 - ml - INFO - Model metrics - Precision: 0.8182, Recall: 0.9643, F-beta: 0.8852
2025-03-29 18:05:05,541 - ml - INFO - Running model inference
2025-03-29 18:05:05,545 - ml - INFO - Generated 115 predictions
2025-03-29 18:05:05,548 - ml - INFO - Model metrics - Precision: 1.0000, Recall: 0.3333, F-beta: 0.5000
2025-03-29 18:05:05,550 - ml - INFO - Running model inference
2025-03-29 18:05:05,553 - ml - INFO - Generated 62 predictions
2025-03-29 18:05:05,556 - ml - INFO - Model metrics - Precision: 1.0000, Recall: 0.5000, F-beta: 0.6667
2025-03-29 18:05:05,558 - ml - INFO - Running model inference
2025-03-29 18:05:05,564 - ml - INFO - Generated 183 predictions
2025-03-29 18:05:05,567 - ml - INFO - Model metrics - Precision: 0.4000, Recall: 0.1667, F-beta: 0.2353
2025-03-29 18:05:05,569 - ml - INFO - Running model inference
2025-03-29 18:05:05,573 - ml - INFO - Generated 77 predictions
2025-03-29 18:05:05,575 - ml - INFO - Model metrics - Precision: 0.8644, Recall: 0.8947, F-beta: 0.8793
2025-03-29 18:05:05,577 - ml - INFO - Running model inference
2025-03-29 18:05:05,581 - ml - INFO - Generated 98 predictions
2025-03-29 18:05:05,584 - ml - INFO - Model metrics - Precision: 1.0000, Recall: 0.4000, F-beta: 0.5714
2025-03-29 18:05:05,586 - ml - INFO - Running model inference
2025-03-29 18:05:05,589 - ml - INFO - Generated 23 predictions
2025-03-29 18:05:05,592 - ml - INFO - Model metrics - Precision: 1.0000, Recall: 1.0000, F-beta: 1.0000
2025-03-29 18:05:05,594 - ml - INFO - Running model inference
2025-03-29 18:05:05,597 - ml - INFO - Generated 10 predictions
2025-03-29 18:05:05,599 - ml - INFO - Model metrics - Precision: 1.0000, Recall: 1.0000, F-beta: 1.0000
2025-03-29 18:05:05,599 - ml - INFO - Slice metrics saved to /home/yurimarca/Code/fastapi_model_deployment/artifacts/slice_output_random_forest.txt
2025-03-29 18:05:05,599 - ml - INFO - *** Starting training process for logistic_regression ***
2025-03-29 18:05:05,600 - ml - INFO - Training logistic_regression model with random seed 42
2025-03-29 18:05:05,675 - ml - INFO - Successfully trained logistic_regression model
2025-03-29 18:05:05,676 - ml - INFO - Running model inference
2025-03-29 18:05:05,677 - ml - INFO - Generated 6513 predictions
2025-03-29 18:05:05,685 - ml - INFO - Model metrics - Precision: 0.7285, Recall: 0.2699, F-beta: 0.3939
2025-03-29 18:05:05,686 - ml - INFO - Model saved to /home/yurimarca/Code/fastapi_model_deployment/artifacts/logistic_regression.joblib
2025-03-29 18:05:05,686 - ml - INFO - Computing slice metrics for logistic_regression model
2025-03-29 18:05:05,693 - ml - INFO - Running model inference
2025-03-29 18:05:05,693 - ml - INFO - Generated 1485 predictions
2025-03-29 18:05:05,698 - ml - INFO - Model metrics - Precision: 0.6132, Recall: 0.2347, F-beta: 0.3394
2025-03-29 18:05:05,705 - ml - INFO - Running model inference
2025-03-29 18:05:05,707 - ml - INFO - Generated 2085 predictions
2025-03-29 18:05:05,712 - ml - INFO - Model metrics - Precision: 0.6033, Recall: 0.2116, F-beta: 0.3133
2025-03-29 18:05:05,718 - ml - INFO - Running model inference
2025-03-29 18:05:05,721 - ml - INFO - Generated 1053 predictions
2025-03-29 18:05:05,726 - ml - INFO - Model metrics - Precision: 0.8199, Recall: 0.2933, F-beta: 0.4321
2025-03-29 18:05:05,730 - ml - INFO - Running model inference
2025-03-29 18:05:05,731 - ml - INFO - Generated 369 predictions
2025-03-29 18:05:05,736 - ml - INFO - Model metrics - Precision: 0.8857, Recall: 0.2995, F-beta: 0.4477
2025-03-29 18:05:05,739 - ml - INFO - Running model inference
2025-03-29 18:05:05,740 - ml - INFO - Generated 198 predictions
2025-03-29 18:05:05,744 - ml - INFO - Model metrics - Precision: 0.9286, Recall: 0.2766, F-beta: 0.4262
2025-03-29 18:05:05,747 - ml - INFO - Running model inference
2025-03-29 18:05:05,747 - ml - INFO - Generated 141 predictions
2025-03-29 18:05:05,751 - ml - INFO - Model metrics - Precision: 0.2500, Recall: 0.1667, F-beta: 0.2000
2025-03-29 18:05:05,755 - ml - INFO - Running model inference
2025-03-29 18:05:05,755 - ml - INFO - Generated 225 predictions
2025-03-29 18:05:05,759 - ml - INFO - Model metrics - Precision: 0.7000, Recall: 0.6364, F-beta: 0.6667
2025-03-29 18:05:05,763 - ml - INFO - Running model inference
2025-03-29 18:05:05,764 - ml - INFO - Generated 273 predictions
2025-03-29 18:05:05,769 - ml - INFO - Model metrics - Precision: 0.5357, Recall: 0.2381, F-beta: 0.3297
2025-03-29 18:05:05,772 - ml - INFO - Running model inference
2025-03-29 18:05:05,772 - ml - INFO - Generated 116 predictions
2025-03-29 18:05:05,776 - ml - INFO - Model metrics - Precision: 0.9355, Recall: 0.3452, F-beta: 0.5043
2025-03-29 18:05:05,780 - ml - INFO - Running model inference
2025-03-29 18:05:05,783 - ml - INFO - Generated 115 predictions
2025-03-29 18:05:05,787 - ml - INFO - Model metrics - Precision: 0.5000, Recall: 0.3333, F-beta: 0.4000
2025-03-29 18:05:05,790 - ml - INFO - Running model inference
2025-03-29 18:05:05,790 - ml - INFO - Generated 62 predictions
2025-03-29 18:05:05,795 - ml - INFO - Model metrics - Precision: 0.5000, Recall: 0.5000, F-beta: 0.5000
2025-03-29 18:05:05,798 - ml - INFO - Running model inference
2025-03-29 18:05:05,799 - ml - INFO - Generated 183 predictions
2025-03-29 18:05:05,803 - ml - INFO - Model metrics - Precision: 0.5714, Recall: 0.3333, F-beta: 0.4211
2025-03-29 18:05:05,806 - ml - INFO - Running model inference
2025-03-29 18:05:05,806 - ml - INFO - Generated 77 predictions
2025-03-29 18:05:05,810 - ml - INFO - Model metrics - Precision: 1.0000, Recall: 0.3333, F-beta: 0.5000
2025-03-29 18:05:05,813 - ml - INFO - Running model inference
2025-03-29 18:05:05,814 - ml - INFO - Generated 98 predictions
2025-03-29 18:05:05,818 - ml - INFO - Model metrics - Precision: 0.2500, Recall: 0.2000, F-beta: 0.2222
2025-03-29 18:05:05,821 - ml - INFO - Running model inference
2025-03-29 18:05:05,821 - ml - INFO - Generated 23 predictions
2025-03-29 18:05:05,825 - ml - INFO - Model metrics - Precision: 0.0000, Recall: 1.0000, F-beta: 0.0000
2025-03-29 18:05:05,828 - ml - INFO - Running model inference
2025-03-29 18:05:05,829 - ml - INFO - Generated 10 predictions
2025-03-29 18:05:05,833 - ml - INFO - Model metrics - Precision: 1.0000, Recall: 1.0000, F-beta: 1.0000
2025-03-29 18:05:05,833 - ml - INFO - Slice metrics saved to /home/yurimarca/Code/fastapi_model_deployment/artifacts/slice_output_logistic_regression.txt
2025-03-29 18:05:05,833 - ml - INFO - *** Starting training process for xgboost ***
2025-03-29 18:05:05,833 - ml - INFO - Training xgboost model with random seed 42
2025-03-29 18:05:06,180 - ml - INFO - Successfully trained xgboost model
2025-03-29 18:05:06,180 - ml - INFO - Running model inference
2025-03-29 18:05:06,182 - ml - INFO - Generated 6513 predictions
2025-03-29 18:05:06,189 - ml - INFO - Model metrics - Precision: 0.7774, Recall: 0.6690, F-beta: 0.7191
2025-03-29 18:05:06,194 - ml - INFO - Model saved to /home/yurimarca/Code/fastapi_model_deployment/artifacts/xgboost.joblib
2025-03-29 18:05:06,194 - ml - INFO - Computing slice metrics for xgboost model
2025-03-29 18:05:06,200 - ml - INFO - Running model inference
2025-03-29 18:05:06,213 - ml - INFO - Generated 1485 predictions
2025-03-29 18:05:06,218 - ml - INFO - Model metrics - Precision: 0.7511, Recall: 0.6101, F-beta: 0.6733
2025-03-29 18:05:06,224 - ml - INFO - Running model inference
2025-03-29 18:05:06,237 - ml - INFO - Generated 2085 predictions
2025-03-29 18:05:06,244 - ml - INFO - Model metrics - Precision: 0.7556, Recall: 0.3942, F-beta: 0.5181
2025-03-29 18:05:06,251 - ml - INFO - Running model inference
2025-03-29 18:05:06,263 - ml - INFO - Generated 1053 predictions
2025-03-29 18:05:06,270 - ml - INFO - Model metrics - Precision: 0.7724, Recall: 0.7844, F-beta: 0.7784
2025-03-29 18:05:06,275 - ml - INFO - Running model inference
2025-03-29 18:05:06,276 - ml - INFO - Generated 369 predictions
2025-03-29 18:05:06,283 - ml - INFO - Model metrics - Precision: 0.8082, Recall: 0.8551, F-beta: 0.8310
2025-03-29 18:05:06,288 - ml - INFO - Running model inference
2025-03-29 18:05:06,300 - ml - INFO - Generated 198 predictions
2025-03-29 18:05:06,306 - ml - INFO - Model metrics - Precision: 0.7174, Recall: 0.7021, F-beta: 0.7097
2025-03-29 18:05:06,311 - ml - INFO - Running model inference
2025-03-29 18:05:06,326 - ml - INFO - Generated 141 predictions
2025-03-29 18:05:06,332 - ml - INFO - Model metrics - Precision: 0.5000, Recall: 0.1667, F-beta: 0.2500
2025-03-29 18:05:06,336 - ml - INFO - Running model inference
2025-03-29 18:05:06,347 - ml - INFO - Generated 225 predictions
2025-03-29 18:05:06,351 - ml - INFO - Model metrics - Precision: 1.0000, Recall: 0.5455, F-beta: 0.7059
2025-03-29 18:05:06,354 - ml - INFO - Running model inference
2025-03-29 18:05:06,362 - ml - INFO - Generated 273 predictions
2025-03-29 18:05:06,366 - ml - INFO - Model metrics - Precision: 0.7143, Recall: 0.5556, F-beta: 0.6250
2025-03-29 18:05:06,370 - ml - INFO - Running model inference
2025-03-29 18:05:06,384 - ml - INFO - Generated 116 predictions
2025-03-29 18:05:06,387 - ml - INFO - Model metrics - Precision: 0.8211, Recall: 0.9286, F-beta: 0.8715
2025-03-29 18:05:06,390 - ml - INFO - Running model inference
2025-03-29 18:05:06,404 - ml - INFO - Generated 115 predictions
2025-03-29 18:05:06,408 - ml - INFO - Model metrics - Precision: 1.0000, Recall: 0.6667, F-beta: 0.8000
2025-03-29 18:05:06,411 - ml - INFO - Running model inference
2025-03-29 18:05:06,417 - ml - INFO - Generated 62 predictions
2025-03-29 18:05:06,424 - ml - INFO - Model metrics - Precision: 1.0000, Recall: 0.5000, F-beta: 0.6667
2025-03-29 18:05:06,429 - ml - INFO - Running model inference
2025-03-29 18:05:06,446 - ml - INFO - Generated 183 predictions
2025-03-29 18:05:06,452 - ml - INFO - Model metrics - Precision: 1.0000, Recall: 0.3333, F-beta: 0.5000
2025-03-29 18:05:06,456 - ml - INFO - Running model inference
2025-03-29 18:05:06,472 - ml - INFO - Generated 77 predictions
2025-03-29 18:05:06,478 - ml - INFO - Model metrics - Precision: 0.8413, Recall: 0.9298, F-beta: 0.8833
2025-03-29 18:05:06,482 - ml - INFO - Running model inference
2025-03-29 18:05:06,494 - ml - INFO - Generated 98 predictions
2025-03-29 18:05:06,498 - ml - INFO - Model metrics - Precision: 1.0000, Recall: 0.4000, F-beta: 0.5714
2025-03-29 18:05:06,502 - ml - INFO - Running model inference
2025-03-29 18:05:06,513 - ml - INFO - Generated 23 predictions
2025-03-29 18:05:06,520 - ml - INFO - Model metrics - Precision: 1.0000, Recall: 1.0000, F-beta: 1.0000
2025-03-29 18:05:06,524 - ml - INFO - Running model inference
2025-03-29 18:05:06,535 - ml - INFO - Generated 10 predictions
2025-03-29 18:05:06,541 - ml - INFO - Model metrics - Precision: 1.0000, Recall: 1.0000, F-beta: 1.0000
2025-03-29 18:05:06,542 - ml - INFO - Slice metrics saved to /home/yurimarca/Code/fastapi_model_deployment/artifacts/slice_output_xgboost.txt
2025-03-29 18:05:06,542 - ml - INFO - Saving preprocessing components
2025-03-29 18:05:06,544 - ml - INFO - Encoder saved to /home/yurimarca/Code/fastapi_model_deployment/artifacts/encoder.joblib
2025-03-29 18:05:06,544 - ml - INFO - Label binarizer saved to /home/yurimarca/Code/fastapi_model_deployment/artifacts/lb.joblib
2025-03-29 18:05:06,544 - ml - INFO - Model training process completed successfully
