2025-03-29 18:15:07,043 - ml - INFO - Starting model training process
2025-03-29 18:15:07,043 - ml - INFO - Loading data from /home/yurimarca/Code/fastapi_model_deployment/data/census.csv
2025-03-29 18:15:07,074 - ml - INFO - Loaded 32561 rows of data
2025-03-29 18:15:07,074 - ml - INFO - Columns in dataset: age, workclass, fnlgt, education, education-num, marital-status, occupation, relationship, race, sex, capital-gain, capital-loss, hours-per-week, native-country, salary
2025-03-29 18:15:07,074 - ml - INFO - Splitting data with random seed 42
2025-03-29 18:15:07,077 - ml - INFO - Training set size: 26048, Test set size: 6513
2025-03-29 18:15:07,077 - ml - INFO - Processing training data
2025-03-29 18:15:07,149 - ml - INFO - Processed training data shape: (26048, 108)
2025-03-29 18:15:07,149 - ml - INFO - Processing test data
2025-03-29 18:15:07,161 - ml - INFO - Processed test data shape: (6513, 108)
2025-03-29 18:15:07,161 - ml - INFO - *** Starting training process for random_forest ***
2025-03-29 18:15:07,161 - ml - INFO - Training random_forest model with random seed 42
2025-03-29 18:15:08,923 - ml - INFO - Successfully trained random_forest model
2025-03-29 18:15:08,923 - ml - INFO - Running model inference
2025-03-29 18:15:09,009 - ml - INFO - Generated 6513 predictions
2025-03-29 18:15:09,015 - ml - INFO - Model metrics - Precision: 0.7419, Recall: 0.6384, F-beta: 0.6863
2025-03-29 18:15:09,091 - ml - INFO - Model saved to /home/yurimarca/Code/fastapi_model_deployment/artifacts/random_forest.joblib
2025-03-29 18:15:09,091 - ml - INFO - Computing slice metrics for random_forest model
2025-03-29 18:15:09,096 - ml - INFO - Running model inference
2025-03-29 18:15:09,117 - ml - INFO - Generated 1485 predictions
2025-03-29 18:15:09,121 - ml - INFO - Model metrics - Precision: 0.6857, Recall: 0.5199, F-beta: 0.5914
2025-03-29 18:15:09,126 - ml - INFO - Running model inference
2025-03-29 18:15:09,156 - ml - INFO - Generated 2085 predictions
2025-03-29 18:15:09,159 - ml - INFO - Model metrics - Precision: 0.6594, Recall: 0.4377, F-beta: 0.5261
2025-03-29 18:15:09,163 - ml - INFO - Running model inference
2025-03-29 18:15:09,180 - ml - INFO - Generated 1053 predictions
2025-03-29 18:15:09,183 - ml - INFO - Model metrics - Precision: 0.7523, Recall: 0.7289, F-beta: 0.7404
2025-03-29 18:15:09,186 - ml - INFO - Running model inference
2025-03-29 18:15:09,193 - ml - INFO - Generated 369 predictions
2025-03-29 18:15:09,196 - ml - INFO - Model metrics - Precision: 0.8271, Recall: 0.8551, F-beta: 0.8409
2025-03-29 18:15:09,199 - ml - INFO - Running model inference
2025-03-29 18:15:09,205 - ml - INFO - Generated 198 predictions
2025-03-29 18:15:09,208 - ml - INFO - Model metrics - Precision: 0.7000, Recall: 0.5957, F-beta: 0.6437
2025-03-29 18:15:09,210 - ml - INFO - Running model inference
2025-03-29 18:15:09,215 - ml - INFO - Generated 141 predictions
2025-03-29 18:15:09,217 - ml - INFO - Model metrics - Precision: 0.0000, Recall: 0.0000, F-beta: 1.0000
2025-03-29 18:15:09,220 - ml - INFO - Running model inference
2025-03-29 18:15:09,225 - ml - INFO - Generated 225 predictions
2025-03-29 18:15:09,227 - ml - INFO - Model metrics - Precision: 1.0000, Recall: 0.2727, F-beta: 0.4286
2025-03-29 18:15:09,230 - ml - INFO - Running model inference
2025-03-29 18:15:09,237 - ml - INFO - Generated 273 predictions
2025-03-29 18:15:09,240 - ml - INFO - Model metrics - Precision: 0.6471, Recall: 0.5238, F-beta: 0.5789
2025-03-29 18:15:09,242 - ml - INFO - Running model inference
2025-03-29 18:15:09,246 - ml - INFO - Generated 116 predictions
2025-03-29 18:15:09,249 - ml - INFO - Model metrics - Precision: 0.8182, Recall: 0.9643, F-beta: 0.8852
2025-03-29 18:15:09,251 - ml - INFO - Running model inference
2025-03-29 18:15:09,255 - ml - INFO - Generated 115 predictions
2025-03-29 18:15:09,258 - ml - INFO - Model metrics - Precision: 1.0000, Recall: 0.3333, F-beta: 0.5000
2025-03-29 18:15:09,260 - ml - INFO - Running model inference
2025-03-29 18:15:09,263 - ml - INFO - Generated 62 predictions
2025-03-29 18:15:09,266 - ml - INFO - Model metrics - Precision: 1.0000, Recall: 0.5000, F-beta: 0.6667
2025-03-29 18:15:09,268 - ml - INFO - Running model inference
2025-03-29 18:15:09,273 - ml - INFO - Generated 183 predictions
2025-03-29 18:15:09,276 - ml - INFO - Model metrics - Precision: 0.4000, Recall: 0.1667, F-beta: 0.2353
2025-03-29 18:15:09,278 - ml - INFO - Running model inference
2025-03-29 18:15:09,282 - ml - INFO - Generated 77 predictions
2025-03-29 18:15:09,284 - ml - INFO - Model metrics - Precision: 0.8644, Recall: 0.8947, F-beta: 0.8793
2025-03-29 18:15:09,287 - ml - INFO - Running model inference
2025-03-29 18:15:09,290 - ml - INFO - Generated 98 predictions
2025-03-29 18:15:09,293 - ml - INFO - Model metrics - Precision: 1.0000, Recall: 0.4000, F-beta: 0.5714
2025-03-29 18:15:09,295 - ml - INFO - Running model inference
2025-03-29 18:15:09,298 - ml - INFO - Generated 23 predictions
2025-03-29 18:15:09,301 - ml - INFO - Model metrics - Precision: 1.0000, Recall: 1.0000, F-beta: 1.0000
2025-03-29 18:15:09,303 - ml - INFO - Running model inference
2025-03-29 18:15:09,305 - ml - INFO - Generated 10 predictions
2025-03-29 18:15:09,308 - ml - INFO - Model metrics - Precision: 1.0000, Recall: 1.0000, F-beta: 1.0000
2025-03-29 18:15:09,308 - ml - INFO - Slice metrics saved to /home/yurimarca/Code/fastapi_model_deployment/artifacts/slice_output_random_forest.txt
2025-03-29 18:15:09,308 - ml - INFO - *** Starting training process for logistic_regression ***
2025-03-29 18:15:09,308 - ml - INFO - Training logistic_regression model with random seed 42
2025-03-29 18:15:09,397 - ml - INFO - Successfully trained logistic_regression model
2025-03-29 18:15:09,397 - ml - INFO - Running model inference
2025-03-29 18:15:09,398 - ml - INFO - Generated 6513 predictions
2025-03-29 18:15:09,406 - ml - INFO - Model metrics - Precision: 0.7285, Recall: 0.2699, F-beta: 0.3939
2025-03-29 18:15:09,407 - ml - INFO - Model saved to /home/yurimarca/Code/fastapi_model_deployment/artifacts/logistic_regression.joblib
2025-03-29 18:15:09,407 - ml - INFO - Computing slice metrics for logistic_regression model
2025-03-29 18:15:09,414 - ml - INFO - Running model inference
2025-03-29 18:15:09,414 - ml - INFO - Generated 1485 predictions
2025-03-29 18:15:09,419 - ml - INFO - Model metrics - Precision: 0.6132, Recall: 0.2347, F-beta: 0.3394
2025-03-29 18:15:09,426 - ml - INFO - Running model inference
2025-03-29 18:15:09,427 - ml - INFO - Generated 2085 predictions
2025-03-29 18:15:09,432 - ml - INFO - Model metrics - Precision: 0.6033, Recall: 0.2116, F-beta: 0.3133
2025-03-29 18:15:09,437 - ml - INFO - Running model inference
2025-03-29 18:15:09,438 - ml - INFO - Generated 1053 predictions
2025-03-29 18:15:09,442 - ml - INFO - Model metrics - Precision: 0.8199, Recall: 0.2933, F-beta: 0.4321
2025-03-29 18:15:09,447 - ml - INFO - Running model inference
2025-03-29 18:15:09,447 - ml - INFO - Generated 369 predictions
2025-03-29 18:15:09,452 - ml - INFO - Model metrics - Precision: 0.8857, Recall: 0.2995, F-beta: 0.4477
2025-03-29 18:15:09,455 - ml - INFO - Running model inference
2025-03-29 18:15:09,456 - ml - INFO - Generated 198 predictions
2025-03-29 18:15:09,460 - ml - INFO - Model metrics - Precision: 0.9286, Recall: 0.2766, F-beta: 0.4262
2025-03-29 18:15:09,464 - ml - INFO - Running model inference
2025-03-29 18:15:09,464 - ml - INFO - Generated 141 predictions
2025-03-29 18:15:09,469 - ml - INFO - Model metrics - Precision: 0.2500, Recall: 0.1667, F-beta: 0.2000
2025-03-29 18:15:09,472 - ml - INFO - Running model inference
2025-03-29 18:15:09,475 - ml - INFO - Generated 225 predictions
2025-03-29 18:15:09,480 - ml - INFO - Model metrics - Precision: 0.7000, Recall: 0.6364, F-beta: 0.6667
2025-03-29 18:15:09,484 - ml - INFO - Running model inference
2025-03-29 18:15:09,484 - ml - INFO - Generated 273 predictions
2025-03-29 18:15:09,488 - ml - INFO - Model metrics - Precision: 0.5357, Recall: 0.2381, F-beta: 0.3297
2025-03-29 18:15:09,492 - ml - INFO - Running model inference
2025-03-29 18:15:09,492 - ml - INFO - Generated 116 predictions
2025-03-29 18:15:09,497 - ml - INFO - Model metrics - Precision: 0.9355, Recall: 0.3452, F-beta: 0.5043
2025-03-29 18:15:09,500 - ml - INFO - Running model inference
2025-03-29 18:15:09,500 - ml - INFO - Generated 115 predictions
2025-03-29 18:15:09,505 - ml - INFO - Model metrics - Precision: 0.5000, Recall: 0.3333, F-beta: 0.4000
2025-03-29 18:15:09,508 - ml - INFO - Running model inference
2025-03-29 18:15:09,509 - ml - INFO - Generated 62 predictions
2025-03-29 18:15:09,513 - ml - INFO - Model metrics - Precision: 0.5000, Recall: 0.5000, F-beta: 0.5000
2025-03-29 18:15:09,516 - ml - INFO - Running model inference
2025-03-29 18:15:09,517 - ml - INFO - Generated 183 predictions
2025-03-29 18:15:09,521 - ml - INFO - Model metrics - Precision: 0.5714, Recall: 0.3333, F-beta: 0.4211
2025-03-29 18:15:09,525 - ml - INFO - Running model inference
2025-03-29 18:15:09,525 - ml - INFO - Generated 77 predictions
2025-03-29 18:15:09,529 - ml - INFO - Model metrics - Precision: 1.0000, Recall: 0.3333, F-beta: 0.5000
2025-03-29 18:15:09,533 - ml - INFO - Running model inference
2025-03-29 18:15:09,533 - ml - INFO - Generated 98 predictions
2025-03-29 18:15:09,537 - ml - INFO - Model metrics - Precision: 0.2500, Recall: 0.2000, F-beta: 0.2222
2025-03-29 18:15:09,541 - ml - INFO - Running model inference
2025-03-29 18:15:09,541 - ml - INFO - Generated 23 predictions
2025-03-29 18:15:09,545 - ml - INFO - Model metrics - Precision: 0.0000, Recall: 1.0000, F-beta: 0.0000
2025-03-29 18:15:09,549 - ml - INFO - Running model inference
2025-03-29 18:15:09,549 - ml - INFO - Generated 10 predictions
2025-03-29 18:15:09,553 - ml - INFO - Model metrics - Precision: 1.0000, Recall: 1.0000, F-beta: 1.0000
2025-03-29 18:15:09,554 - ml - INFO - Slice metrics saved to /home/yurimarca/Code/fastapi_model_deployment/artifacts/slice_output_logistic_regression.txt
2025-03-29 18:15:09,554 - ml - INFO - *** Starting training process for xgboost ***
2025-03-29 18:15:09,554 - ml - INFO - Training xgboost model with random seed 42
2025-03-29 18:15:09,802 - ml - INFO - Successfully trained xgboost model
2025-03-29 18:15:09,802 - ml - INFO - Running model inference
2025-03-29 18:15:09,818 - ml - INFO - Generated 6513 predictions
2025-03-29 18:15:09,826 - ml - INFO - Model metrics - Precision: 0.7774, Recall: 0.6690, F-beta: 0.7191
2025-03-29 18:15:09,831 - ml - INFO - Model saved to /home/yurimarca/Code/fastapi_model_deployment/artifacts/xgboost.joblib
2025-03-29 18:15:09,831 - ml - INFO - Computing slice metrics for xgboost model
2025-03-29 18:15:09,839 - ml - INFO - Running model inference
2025-03-29 18:15:09,853 - ml - INFO - Generated 1485 predictions
2025-03-29 18:15:09,860 - ml - INFO - Model metrics - Precision: 0.7511, Recall: 0.6101, F-beta: 0.6733
2025-03-29 18:15:09,865 - ml - INFO - Running model inference
2025-03-29 18:15:09,867 - ml - INFO - Generated 2085 predictions
2025-03-29 18:15:09,871 - ml - INFO - Model metrics - Precision: 0.7556, Recall: 0.3942, F-beta: 0.5181
2025-03-29 18:15:09,875 - ml - INFO - Running model inference
2025-03-29 18:15:09,887 - ml - INFO - Generated 1053 predictions
2025-03-29 18:15:09,891 - ml - INFO - Model metrics - Precision: 0.7724, Recall: 0.7844, F-beta: 0.7784
2025-03-29 18:15:09,894 - ml - INFO - Running model inference
2025-03-29 18:15:09,905 - ml - INFO - Generated 369 predictions
2025-03-29 18:15:09,909 - ml - INFO - Model metrics - Precision: 0.8082, Recall: 0.8551, F-beta: 0.8310
2025-03-29 18:15:09,912 - ml - INFO - Running model inference
2025-03-29 18:15:09,921 - ml - INFO - Generated 198 predictions
2025-03-29 18:15:09,925 - ml - INFO - Model metrics - Precision: 0.7174, Recall: 0.7021, F-beta: 0.7097
2025-03-29 18:15:09,928 - ml - INFO - Running model inference
2025-03-29 18:15:09,936 - ml - INFO - Generated 141 predictions
2025-03-29 18:15:09,940 - ml - INFO - Model metrics - Precision: 0.5000, Recall: 0.1667, F-beta: 0.2500
2025-03-29 18:15:09,943 - ml - INFO - Running model inference
2025-03-29 18:15:09,948 - ml - INFO - Generated 225 predictions
2025-03-29 18:15:09,952 - ml - INFO - Model metrics - Precision: 1.0000, Recall: 0.5455, F-beta: 0.7059
2025-03-29 18:15:09,955 - ml - INFO - Running model inference
2025-03-29 18:15:09,967 - ml - INFO - Generated 273 predictions
2025-03-29 18:15:09,970 - ml - INFO - Model metrics - Precision: 0.7143, Recall: 0.5556, F-beta: 0.6250
2025-03-29 18:15:09,974 - ml - INFO - Running model inference
2025-03-29 18:15:09,985 - ml - INFO - Generated 116 predictions
2025-03-29 18:15:09,988 - ml - INFO - Model metrics - Precision: 0.8211, Recall: 0.9286, F-beta: 0.8715
2025-03-29 18:15:09,991 - ml - INFO - Running model inference
2025-03-29 18:15:10,002 - ml - INFO - Generated 115 predictions
2025-03-29 18:15:10,006 - ml - INFO - Model metrics - Precision: 1.0000, Recall: 0.6667, F-beta: 0.8000
2025-03-29 18:15:10,010 - ml - INFO - Running model inference
2025-03-29 18:15:10,023 - ml - INFO - Generated 62 predictions
2025-03-29 18:15:10,029 - ml - INFO - Model metrics - Precision: 1.0000, Recall: 0.5000, F-beta: 0.6667
2025-03-29 18:15:10,033 - ml - INFO - Running model inference
2025-03-29 18:15:10,049 - ml - INFO - Generated 183 predictions
2025-03-29 18:15:10,055 - ml - INFO - Model metrics - Precision: 1.0000, Recall: 0.3333, F-beta: 0.5000
2025-03-29 18:15:10,059 - ml - INFO - Running model inference
2025-03-29 18:15:10,075 - ml - INFO - Generated 77 predictions
2025-03-29 18:15:10,081 - ml - INFO - Model metrics - Precision: 0.8413, Recall: 0.9298, F-beta: 0.8833
2025-03-29 18:15:10,085 - ml - INFO - Running model inference
2025-03-29 18:15:10,097 - ml - INFO - Generated 98 predictions
2025-03-29 18:15:10,103 - ml - INFO - Model metrics - Precision: 1.0000, Recall: 0.4000, F-beta: 0.5714
2025-03-29 18:15:10,107 - ml - INFO - Running model inference
2025-03-29 18:15:10,119 - ml - INFO - Generated 23 predictions
2025-03-29 18:15:10,124 - ml - INFO - Model metrics - Precision: 1.0000, Recall: 1.0000, F-beta: 1.0000
2025-03-29 18:15:10,128 - ml - INFO - Running model inference
2025-03-29 18:15:10,131 - ml - INFO - Generated 10 predictions
2025-03-29 18:15:10,135 - ml - INFO - Model metrics - Precision: 1.0000, Recall: 1.0000, F-beta: 1.0000
2025-03-29 18:15:10,135 - ml - INFO - Slice metrics saved to /home/yurimarca/Code/fastapi_model_deployment/artifacts/slice_output_xgboost.txt
2025-03-29 18:15:10,135 - ml - INFO - Saving preprocessing components
2025-03-29 18:15:10,137 - ml - INFO - Encoder saved to /home/yurimarca/Code/fastapi_model_deployment/artifacts/encoder.joblib
2025-03-29 18:15:10,137 - ml - INFO - Label binarizer saved to /home/yurimarca/Code/fastapi_model_deployment/artifacts/lb.joblib
2025-03-29 18:15:10,137 - ml - INFO - Model training process completed successfully
